2024-06-16 19:32:54.582 [main] ERROR org.springframework.boot.diagnostics.LoggingFailureAnalysisReporter - 

***************************
APPLICATION FAILED TO START
***************************

Description:

An attempt was made to call a method that does not exist. The attempt was made from the following location:

    org.springframework.boot.logging.log4j2.Log4J2LoggingSystem.initialize(Log4J2LoggingSystem.java:222)

The following method did not exist:

    'void org.apache.logging.log4j.util.PropertiesUtil.addPropertySource(org.apache.logging.log4j.util.PropertySource)'

The calling method's class, org.springframework.boot.logging.log4j2.Log4J2LoggingSystem, was loaded from the following location:

    jar:file:/C:/Users/Johannes%20Henz/.m2/repository/org/springframework/boot/spring-boot/3.3.0/spring-boot-3.3.0.jar!/org/springframework/boot/logging/log4j2/Log4J2LoggingSystem.class

The called method's class, org.apache.logging.log4j.util.PropertiesUtil, is available from the following locations:

    jar:file:/C:/Users/Johannes%20Henz/.m2/repository/org/apache/logging/log4j/log4j-api/2.14.1/log4j-api-2.14.1.jar!/org/apache/logging/log4j/util/PropertiesUtil.class

The called method's class hierarchy was loaded from the following locations:

    org.apache.logging.log4j.util.PropertiesUtil: file:/C:/Users/Johannes%20Henz/.m2/repository/org/apache/logging/log4j/log4j-api/2.14.1/log4j-api-2.14.1.jar


Action:

Correct the classpath of your application so that it contains compatible versions of the classes org.springframework.boot.logging.log4j2.Log4J2LoggingSystem and org.apache.logging.log4j.util.PropertiesUtil

2024-06-16 19:34:52.540 [main] ERROR org.springframework.boot.diagnostics.LoggingFailureAnalysisReporter - 

***************************
APPLICATION FAILED TO START
***************************

Description:

An attempt was made to call a method that does not exist. The attempt was made from the following location:

    org.springframework.boot.logging.log4j2.Log4J2LoggingSystem.initialize(Log4J2LoggingSystem.java:222)

The following method did not exist:

    'void org.apache.logging.log4j.util.PropertiesUtil.addPropertySource(org.apache.logging.log4j.util.PropertySource)'

The calling method's class, org.springframework.boot.logging.log4j2.Log4J2LoggingSystem, was loaded from the following location:

    jar:file:/C:/Users/Johannes%20Henz/.m2/repository/org/springframework/boot/spring-boot/3.3.0/spring-boot-3.3.0.jar!/org/springframework/boot/logging/log4j2/Log4J2LoggingSystem.class

The called method's class, org.apache.logging.log4j.util.PropertiesUtil, is available from the following locations:

    jar:file:/C:/Users/Johannes%20Henz/.m2/repository/org/apache/logging/log4j/log4j-api/2.17.1/log4j-api-2.17.1.jar!/org/apache/logging/log4j/util/PropertiesUtil.class

The called method's class hierarchy was loaded from the following locations:

    org.apache.logging.log4j.util.PropertiesUtil: file:/C:/Users/Johannes%20Henz/.m2/repository/org/apache/logging/log4j/log4j-api/2.17.1/log4j-api-2.17.1.jar


Action:

Correct the classpath of your application so that it contains compatible versions of the classes org.springframework.boot.logging.log4j2.Log4J2LoggingSystem and org.apache.logging.log4j.util.PropertiesUtil

2024-06-16 19:37:10.704 [main] INFO  org.springframework.test.context.support.AnnotationConfigContextLoaderUtils - Could not detect default configuration classes for test class [at.SWEN2.Tourplanner.TourplannerApplicationTests]: TourplannerApplicationTests does not declare any static, non-private, non-final, nested classes annotated with @Configuration.
2024-06-16 19:37:10.819 [main] INFO  org.springframework.boot.test.context.SpringBootTestContextBootstrapper - Found @SpringBootConfiguration at.SWEN2.Tourplanner.TourplannerApplication for test class at.SWEN2.Tourplanner.TourplannerApplicationTests
2024-06-16 19:37:10.913 [main] INFO  org.springframework.test.context.support.AnnotationConfigContextLoaderUtils - Could not detect default configuration classes for test class [at.SWEN2.Tourplanner.TourServiceTest]: TourServiceTest does not declare any static, non-private, non-final, nested classes annotated with @Configuration.
2024-06-16 19:37:10.915 [main] INFO  org.springframework.boot.test.context.SpringBootTestContextBootstrapper - Found @SpringBootConfiguration at.SWEN2.Tourplanner.TourplannerApplication for test class at.SWEN2.Tourplanner.TourServiceTest
